[0mroot [5] beamana->Show(0[D[D[0m[38;5;83m[1m([0m0[0m[38;5;83m[1m)
[0m======> EVENT:0
 run             = 10177192
 subrun          = 29
 event           = 441
 MC              = 1
 reco_beam_type  = 13
 reco_beam_startX = -28.8183
 reco_beam_startY = 417.075
 reco_beam_startZ = 29.7738
 reco_beam_endX  = -46.0626
 reco_beam_endY  = 399.259
 reco_beam_endZ  = 96.4233
 reco_beam_len   = 71.2037
 reco_beam_alt_len = 87.2468
 reco_beam_calo_startX = -30.3163
 reco_beam_calo_startY = 417.412
 reco_beam_calo_startZ = 0.132239
 reco_beam_calo_endX = -49.1334
 reco_beam_calo_endY = 401.458
 reco_beam_calo_endZ = 83.7833
 reco_beam_calo_startDirX = (vector<double>*)0x5588e0be5880
 reco_beam_calo_startDirY = (vector<double>*)0x5588e511c400
 reco_beam_calo_startDirZ = (vector<double>*)0x5588e5047990
 reco_beam_calo_endDirX = (vector<double>*)0x5588e5122d10
 reco_beam_calo_endDirY = (vector<double>*)0x5588dcaaf2a0
 reco_beam_calo_endDirZ = (vector<double>*)0x5588e5054a80
 reco_beam_trackDirX = -0.250665
 reco_beam_trackDirY = -0.323974
 reco_beam_trackDirZ = 0.912254
 reco_beam_trackEndDirX = -0.237799
 reco_beam_trackEndDirY = -0.149262
 reco_beam_trackEndDirZ = 0.959777
 reco_beam_vtxX  = -46.0626
 reco_beam_vtxY  = 399.259
 reco_beam_vtxZ  = 96.4233
 reco_beam_vertex_nHits = 0
 reco_beam_vertex_michel_score = 0
 reco_beam_trackID = 35
 reco_beam_dQdX  = (vector<double>*)0x5588e0be5a20
 reco_beam_dEdX  = (vector<double>*)0x5588dc593460
 reco_beam_calibrated_dEdX = (vector<double>*)0x5588dcbd72c0
 reco_beam_resRange = (vector<double>*)0x5588e5055d00
 reco_beam_TrkPitch = (vector<double>*)0x5588e511c500
 reco_beam_calo_wire = (vector<double>*)0x5588e505acd0
 reco_beam_calo_wire_z = (vector<double>*)0x5588e5048350
 reco_beam_calo_tick = (vector<double>*)0x5588e0be56b0
 reco_beam_calo_TPC = (vector<int>*)0x5588e5130290
 reco_beam_hit_true_ID = (vector<int>*)0x5588dcbc5be0
 reco_beam_hit_true_slice = (vector<int>*)0x5588e5058230
 reco_beam_hit_true_origin = (vector<int>*)0x5588e0bdfb70
 reco_beam_nTrackDaughters = -1
 reco_beam_nShowerDaughters = -1
 reco_beam_flipped = 0
 reco_beam_passes_beam_cuts = 1
 reco_beam_PFP_ID = 35
 reco_beam_PFP_nHits = 447
 reco_beam_PFP_trackScore = 0.790528
 reco_beam_PFP_emScore = 0.207168
 reco_beam_PFP_michelScore = 0.0287821
 reco_beam_PFP_trackScore_collection = 0.743189
 reco_beam_PFP_emScore_collection = 0.250068
 reco_beam_PFP_michelScore_collection = 0.0263303
 reco_beam_allTrack_ID = 35
 reco_beam_allTrack_beam_cuts = 1
 reco_beam_allTrack_flipped = 0
 reco_beam_allTrack_len = 71.2037
 reco_beam_allTrack_startX = -28.8183
 reco_beam_allTrack_startY = 417.075
 reco_beam_allTrack_startZ = 29.7738
 reco_beam_allTrack_endX = -46.0626
 reco_beam_allTrack_endY = 399.259
 reco_beam_allTrack_endZ = 96.4233
 reco_beam_allTrack_trackDirX = -0.250665
 reco_beam_allTrack_trackDirY = -0.323974
 reco_beam_allTrack_trackDirZ = 0.912254
 reco_beam_allTrack_trackEndDirX = -0.237799
 reco_beam_allTrack_trackEndDirY = -0.149262
 reco_beam_allTrack_trackEndDirZ = 0.959777
 reco_beam_allTrack_resRange = (vector<double>*)0x5588e51199a0
 reco_beam_allTrack_calibrated_dEdX = (vector<double>*)0x5588e0bdeaf0
 reco_beam_allTrack_Chi2_proton = 9823.9
 reco_beam_allTrack_Chi2_ndof = 45
 reco_track_startX = (vector<double>*)0x5588e5125930
 reco_track_startY = (vector<double>*)0x5588dc8750c0
 reco_track_startZ = (vector<double>*)0x5588e5132890
 reco_track_endX = (vector<double>*)0x5588dbb79a10
 reco_track_endY = (vector<double>*)0x5588e505a2c0
 reco_track_endZ = (vector<double>*)0x5588e0be32e0
 reco_track_michel_score = (vector<double>*)0x5588e0be24c0
 reco_track_ID   = (vector<int>*)0x5588dd325eb0
 reco_track_nHits = (vector<int>*)0x5588e0bde4c0
 reco_daughter_PFP_true_byHits_PDG = (vector<int>*)0x5588e0be3c50
 reco_daughter_PFP_true_byHits_ID = (vector<int>*)0x5588e5045c80
 reco_daughter_PFP_true_byHits_origin = (vector<int>*)0x5588e0be4020
 reco_daughter_PFP_true_byHits_parID = (vector<int>*)0x5588e5045d50
 reco_daughter_PFP_true_byHits_parPDG = (vector<int>*)0x5588e5128e80
 reco_daughter_PFP_true_byHits_process = (vector<string>*)0x5588e4914890
 reco_daughter_PFP_true_byHits_sharedHits = (vector<unsigned long>*)0x5588e505b680
 reco_daughter_PFP_true_byHits_emHits = (vector<unsigned long>*)0x5588e5055510
 reco_daughter_PFP_true_byHits_len = (vector<double>*)0x5588e58b84b0
 reco_daughter_PFP_true_byHits_startX = (vector<double>*)0x5588dd324e40
 reco_daughter_PFP_true_byHits_startY = (vector<double>*)0x5588e58ba100
 reco_daughter_PFP_true_byHits_startZ = (vector<double>*)0x5588e587de50
 reco_daughter_PFP_true_byHits_endX = (vector<double>*)0x5588e587e300
 reco_daughter_PFP_true_byHits_endY = (vector<double>*)0x5588e587e840
 reco_daughter_PFP_true_byHits_endZ = (vector<double>*)0x5588e587e8d0
 reco_daughter_PFP_true_byHits_startPx = (vector<double>*)0x5588e5949220
 reco_daughter_PFP_true_byHits_startPy = (vector<double>*)0x5588e5959210
 reco_daughter_PFP_true_byHits_startPz = (vector<double>*)0x5588e5969200
 reco_daughter_PFP_true_byHits_startP = (vector<double>*)0x5588e59791f0
 reco_daughter_PFP_true_byHits_startE = (vector<double>*)0x5588e59891e0
 reco_daughter_PFP_true_byHits_endProcess = (vector<string>*)0x5588e59991d0
 reco_daughter_PFP_true_byHits_purity = (vector<double>*)0x5588e59a9220
 reco_daughter_PFP_true_byHits_completeness = (vector<double>*)0x5588e59b9210
 reco_daughter_PFP_true_byE_PDG = (vector<int>*)0x5588e59c9200
 reco_daughter_PFP_true_byE_len = (vector<double>*)0x5588e59d91c0
 reco_daughter_PFP_true_byE_completeness = (vector<double>*)0x5588e59e9190
 reco_daughter_PFP_true_byE_purity = (vector<double>*)0x5588e59f9180
 reco_daughter_allTrack_ID = (vector<int>*)0x5588e5a09170
 reco_daughter_allTrack_dQdX_SCE = (vector<vector<double> >*)0x5588e58a3fc0
 reco_daughter_allTrack_dEdX_SCE = (vector<vector<double> >*)0x5588e5a330c0
 reco_daughter_allTrack_resRange_SCE = (vector<vector<double> >*)0x5588e58bb8a0
 reco_daughter_allTrack_calibrated_dEdX_SCE = (vector<vector<double> >*)0x5588e5a6c5d0
 reco_daughter_allTrack_Chi2_proton = (vector<double>*)0x5588e5a7ccf0
 reco_daughter_allTrack_Chi2_ndof = (vector<int>*)0x5588e5a8cce0
 reco_daughter_allTrack_Chi2_proton_plane0 = (vector<double>*)0x5588e5a9ccc0
 reco_daughter_allTrack_Chi2_proton_plane1 = (vector<double>*)0x5588e5aaccb0
 reco_daughter_allTrack_Chi2_ndof_plane0 = (vector<int>*)0x5588e5abcca0
 reco_daughter_allTrack_Chi2_ndof_plane1 = (vector<int>*)0x5588e5accc80
 reco_daughter_allTrack_calibrated_dEdX_SCE_plane0 = (vector<vector<double> >*)0x5588e5adcc60
 reco_daughter_allTrack_calibrated_dEdX_SCE_plane1 = (vector<vector<double> >*)0x5588e5aecc60
 reco_daughter_allTrack_resRange_plane0 = (vector<vector<double> >*)0x5588e5afccb0
 reco_daughter_allTrack_resRange_plane1 = (vector<vector<double> >*)0x5588e5b0d9b0
 reco_daughter_allTrack_Theta = (vector<double>*)0x5588e5b1f150
 reco_daughter_allTrack_Phi = (vector<double>*)0x5588e5b2f120
 reco_daughter_allTrack_len = (vector<double>*)0x5588e5b3f0f0
 reco_daughter_allTrack_alt_len = (vector<double>*)0x5588e5b4f0c0
 reco_daughter_allTrack_startX = (vector<double>*)0x5588e5b5f090
 reco_daughter_allTrack_startY = (vector<double>*)0x5588e5b6f060
 reco_daughter_allTrack_startZ = (vector<double>*)0x5588e5b7f030
 reco_daughter_allTrack_endX = (vector<double>*)0x5588e5b8f000
 reco_daughter_allTrack_endY = (vector<double>*)0x5588e5b9efd0
 reco_daughter_allTrack_endZ = (vector<double>*)0x5588e5baefa0
 reco_daughter_allTrack_dR = (vector<double>*)0x5588e5bbef70
 reco_daughter_allTrack_to_vertex = (vector<double>*)0x5588e5bcef40
 reco_daughter_allTrack_vertex_michel_score = (vector<double>*)0x5588e5bdef30
 reco_daughter_allTrack_vertex_nHits = (vector<int>*)0x5588e5beef20
 reco_daughter_allShower_ID = (vector<int>*)0x5588e5bfef00
 reco_daughter_allShower_len = (vector<double>*)0x5588e5c0eec0
 reco_daughter_allShower_startX = (vector<double>*)0x5588e5c1ee90
 reco_daughter_allShower_startY = (vector<double>*)0x5588e5c2ee60
 reco_daughter_allShower_startZ = (vector<double>*)0x5588e5c3ee30
 reco_daughter_allShower_dirX = (vector<double>*)0x5588e5c4ee00
 reco_daughter_allShower_dirY = (vector<double>*)0x5588e5c5edd0
 reco_daughter_allShower_dirZ = (vector<double>*)0x5588e5c6eda0
 reco_daughter_allShower_energy = (vector<double>*)0x5588e5c7ed70
 reco_daughter_PFP_ID = (vector<int>*)0x5588e5c8ed40
 reco_daughter_PFP_nHits = (vector<int>*)0x5588e5c9ed00
 reco_daughter_PFP_nHits_collection = (vector<int>*)0x5588e5caecc0
 reco_daughter_PFP_trackScore = (vector<double>*)0x5588e5cbeca0
 reco_daughter_PFP_emScore = (vector<double>*)0x5588e5ccec70
 reco_daughter_PFP_michelScore = (vector<double>*)0x5588e5cdec40
 reco_daughter_PFP_trackScore_collection = (vector<double>*)0x5588e5ceec10
 reco_daughter_PFP_emScore_collection = (vector<double>*)0x5588e5cfec00
 reco_daughter_PFP_michelScore_collection = (vector<double>*)0x5588e5d0ebf0
 true_beam_PDG   = 211
 true_beam_ID    = 95
 true_beam_endProcess = pi+Inelastic
 true_beam_endX  = -49.9696
 true_beam_endY  = 401.258
 true_beam_endZ  = 83.8943
 true_beam_startX = 10.4884
 true_beam_startY = 458.311
 true_beam_startZ = -196.11
 true_beam_startPx = -0.201493
 true_beam_startPy = -0.1936
 true_beam_startPz = 0.937694
 true_beam_startP = 0.978443
 true_beam_endPx = -0.155095
 true_beam_endPy = -0.109099
 true_beam_endPz = 0.741707
 true_beam_endP  = 0.765562
 true_beam_startDirX = -0.205933
 true_beam_startDirY = -0.197865
 true_beam_startDirZ = 0.958353
 true_beam_nElasticScatters = 0
 true_beam_elastic_costheta = (vector<double>*)0x5588e5d69b10
 true_beam_elastic_X = (vector<double>*)0x5588e5d68130
 true_beam_elastic_Y = (vector<double>*)0x5588e5d49e30
 true_beam_elastic_Z = (vector<double>*)0x5588e5d488f0
 true_beam_elastic_deltaE = (vector<double>*)0x5588e5d536f0
 true_beam_elastic_IDE_edep = (vector<double>*)0x5588e5d54610
 true_beam_IDE_totalDep = 0
 true_beam_IDE_found_in_recoVtx = 0
 true_beam_nHits = 394
 true_beam_reco_byHits_PFP_ID = (vector<vector<int> >*)0x5588dbb80b80
 true_beam_reco_byHits_PFP_nHits = (vector<vector<int> >*)0x5588e60af570
 true_beam_reco_byHits_allTrack_ID = (vector<vector<int> >*)0x5588e60bbf00
 true_daughter_nPi0 = 0
 true_daughter_nPiPlus = 1
 true_daughter_nProton = 0
 true_daughter_nNeutron = 1
 true_daughter_nPiMinus = 0
 true_daughter_nNucleus = 1
 reco_beam_vertex_slice = 200
 true_beam_daughter_PDG = (vector<int>*)0x5588e5d48eb0
 true_beam_daughter_ID = (vector<int>*)0x5588e5f68980
 true_beam_daughter_len = (vector<double>*)0x5588dca24410
 true_beam_daughter_startX = (vector<double>*)0x5588e608b4f0
 true_beam_daughter_startY = (vector<double>*)0x5588db93a8d0
 true_beam_daughter_startZ = (vector<double>*)0x5588e5fa7dc0
 true_beam_daughter_startPx = (vector<double>*)0x5588e60a7ff0
 true_beam_daughter_startPy = (vector<double>*)0x5588e60a8400
 true_beam_daughter_startPz = (vector<double>*)0x5588e6080920
 true_beam_daughter_startP = (vector<double>*)0x5588db3c0000
 true_beam_daughter_endX = (vector<double>*)0x5588e60af420
 true_beam_daughter_endY = (vector<double>*)0x5588e60adff0
 true_beam_daughter_endZ = (vector<double>*)0x5588e60bb9e0
 true_beam_daughter_Process = (vector<string>*)0x5588dbe0ab70
 true_beam_daughter_endProcess = (vector<string>*)0x5588e608b210
 true_beam_daughter_nHits = (vector<int>*)0x5588e60af550
 true_beam_daughter_reco_byHits_PFP_ID = (vector<vector<int> >*)0x5588e5130020
 true_beam_daughter_reco_byHits_PFP_nHits = (vector<vector<int> >*)0x5588dcb689f0
 true_beam_daughter_reco_byHits_PFP_trackScore = (vector<vector<double> >*)0x5588dbce5150
 true_beam_daughter_reco_byHits_allTrack_ID = (vector<vector<int> >*)0x5588e5f54510
 true_beam_daughter_reco_byHits_allTrack_startX = (vector<vector<double> >*)0x5588e60aee40
 true_beam_daughter_reco_byHits_allTrack_startY = (vector<vector<double> >*)0x5588e60c3200
 true_beam_daughter_reco_byHits_allTrack_startZ = (vector<vector<double> >*)0x5588e60af260
 true_beam_daughter_reco_byHits_allTrack_endX = (vector<vector<double> >*)0x5588e60adb90
 true_beam_daughter_reco_byHits_allTrack_endY = (vector<vector<double> >*)0x5588e0bdf970
 true_beam_daughter_reco_byHits_allTrack_endZ = (vector<vector<double> >*)0x5588dcbd7110
 true_beam_daughter_reco_byHits_allTrack_len = (vector<vector<double> >*)0x5588e60afe60
 true_beam_daughter_reco_byHits_allShower_ID = (vector<vector<int> >*)0x5588e608c180
 true_beam_daughter_reco_byHits_allShower_startX = (vector<vector<double> >*)0x5588dbce4250
 true_beam_daughter_reco_byHits_allShower_startY = (vector<vector<double> >*)0x5588e60943f0
 true_beam_daughter_reco_byHits_allShower_startZ = (vector<vector<double> >*)0x5588e5fe8ef0
 true_beam_daughter_reco_byHits_allShower_len = (vector<vector<double> >*)0x5588e60c82f0
 true_beam_Pi0_decay_ID = (vector<int>*)0x5588e5fae110
 true_beam_Pi0_decay_parID = (vector<int>*)0x5588e5a32860
 true_beam_Pi0_decay_PDG = (vector<int>*)0x5588e607fcc0
 true_beam_Pi0_decay_startP = (vector<double>*)0x5588dc8752a0
 true_beam_Pi0_decay_startPx = (vector<double>*)0x5588e60c9de0
 true_beam_Pi0_decay_startPy = (vector<double>*)0x5588e60b4dd0
 true_beam_Pi0_decay_startPz = (vector<double>*)0x5588e60c1ab0
 true_beam_Pi0_decay_startX = (vector<double>*)0x5588e60c2030
 true_beam_Pi0_decay_startY = (vector<double>*)0x5588e60c25b0
 true_beam_Pi0_decay_startZ = (vector<double>*)0x5588e60c2b30
 true_beam_Pi0_decay_len = (vector<double>*)0x5588e60b53a0
 true_beam_Pi0_decay_nHits = (vector<int>*)0x5588e60b58c0
 true_beam_Pi0_decay_reco_byHits_PFP_ID = (vector<vector<int> >*)0x5588e60b5cb0
 true_beam_Pi0_decay_reco_byHits_PFP_nHits = (vector<vector<int> >*)0x5588e60b62f0
 true_beam_Pi0_decay_reco_byHits_PFP_trackScore = (vector<vector<double> >*)0x5588e60b6a20
 true_beam_Pi0_decay_reco_byHits_allTrack_ID = (vector<vector<int> >*)0x5588e60993c0
 true_beam_Pi0_decay_reco_byHits_allTrack_startX = (vector<vector<double> >*)0x5588e6099af0
 true_beam_Pi0_decay_reco_byHits_allTrack_startY = (vector<vector<double> >*)0x5588e609a090
 true_beam_Pi0_decay_reco_byHits_allTrack_startZ = (vector<vector<double> >*)0x5588e609a630
 true_beam_Pi0_decay_reco_byHits_allTrack_endX = (vector<vector<double> >*)0x5588e609abd0
 true_beam_Pi0_decay_reco_byHits_allTrack_endY = (vector<vector<double> >*)0x5588e60b03a0
 true_beam_Pi0_decay_reco_byHits_allTrack_endZ = (vector<vector<double> >*)0x5588e60b0940
 true_beam_Pi0_decay_reco_byHits_allTrack_len = (vector<vector<double> >*)0x5588e60b0ee0
 true_beam_Pi0_decay_reco_byHits_allShower_ID = (vector<vector<int> >*)0x5588e60b12f0
 true_beam_Pi0_decay_reco_byHits_allShower_startX = (vector<vector<double> >*)0x5588e60b1a20
 true_beam_Pi0_decay_reco_byHits_allShower_startY = (vector<vector<double> >*)0x5588e60a6490
 true_beam_Pi0_decay_reco_byHits_allShower_startZ = (vector<vector<double> >*)0x5588e60a6970
 true_beam_Pi0_decay_reco_byHits_allShower_len = (vector<vector<double> >*)0x5588e60a6e90
 true_beam_grand_daughter_ID = (vector<int>*)0x5588e60a7430
 true_beam_grand_daughter_parID = (vector<int>*)0x5588e60a79b0
 true_beam_grand_daughter_PDG = (vector<int>*)0x5588e609ae80
 true_beam_grand_daughter_nHits = (vector<int>*)0x5588e609b4a0
 true_beam_grand_daughter_Process = (vector<string>*)0x5588e609bac0
 true_beam_grand_daughter_endProcess = (vector<string>*)0x5588e60a7ee0
 reco_beam_true_byE_endProcess = pi+Inelastic
 reco_beam_true_byE_process = primary
 reco_beam_true_byE_origin = 4
 reco_beam_true_byE_PDG = 211
 reco_beam_true_byE_ID = 95
 reco_beam_true_byHits_endProcess = pi+Inelastic
 reco_beam_true_byHits_process = primary
 reco_beam_true_byHits_origin = 4
 reco_beam_true_byHits_PDG = 211
 reco_beam_true_byHits_ID = 95
 reco_beam_true_byE_matched = 1
 reco_beam_true_byHits_matched = 1
 reco_beam_true_byHits_purity = 0.711645
 true_beam_processes = (vector<string>*)0x5588e609cee0
 true_beam_process_slice = (vector<int>*)0x5588e60bdc00
 true_beam_process_dSlice = (vector<int>*)0x5588e60be1a0
 true_beam_process_matched = (vector<int>*)0x5588e60be740
 data_BI_P       = 1.01225
 data_BI_TOF     = (vector<double>*)0x5588e60bef30
 data_BI_TOF_Chan = (vector<int>*)0x5588e60bf520
 data_BI_X       = -30.5669
 data_BI_Y       = 418.017
 data_BI_Z       = 0
 data_BI_dirX    = -0.202452
 data_BI_dirY    = -0.19778
 data_BI_dirZ    = 0.959112
 data_BI_nFibersP1 = 1
 data_BI_nFibersP2 = 1
 data_BI_nFibersP3 = 1
 data_BI_PDG_candidates = (vector<int>*)0x5588e6091f70
 data_BI_nTracks = 1
 data_BI_nMomenta = 1
 quality_reco_view_0_hits_in_TPC5 = 0
 quality_reco_view_1_hits_in_TPC5 = 0
 quality_reco_view_2_hits_in_TPC5 = 0
 quality_reco_max_lateral = 5.54247
 quality_reco_max_segment = 1.12357
 quality_reco_view_0_max_segment = 13.6025
 quality_reco_view_1_max_segment = 8.37508
 quality_reco_view_2_max_segment = 5.31322
 quality_reco_view_0_wire_backtrack = 2
 quality_reco_view_1_wire_backtrack = 4
 quality_reco_view_2_wire_backtrack = 1
 quality_reco_view_0_wire = (vector<double>*)0x5588e6093cb0
 quality_reco_view_1_wire = (vector<double>*)0x5588e60c5600
 quality_reco_view_2_wire = (vector<double>*)0x5588e60c5b80
 quality_reco_view_2_z = (vector<double>*)0x5588e60c6570
 quality_reco_view_0_tick = (vector<double>*)0x5588e60c6f60
 quality_reco_view_1_tick = (vector<double>*)0x5588e60b7d70
 quality_reco_view_2_tick = (vector<double>*)0x5588e60b82f0
 reco_beam_Chi2_proton = 9823.9
 reco_beam_Chi2_ndof = 45
 reco_beam_cosmic_candidate_lower_hits = (vector<double>*)0x5588e60b92f0
 reco_beam_cosmic_candidate_upper_hits = (vector<double>*)0x5588e60b9940
 reco_beam_cosmic_candidate_ID = (vector<int>*)0x5588e60b9ee0
 beam_has_cosmic_IDE = 0
 cosmic_has_beam_IDE = (vector<int>*)0x5588e60ba710
 n_cosmics_with_beam_IDE = -1
 reco_daughter_allTrack_momByRange_proton = (vector<double>*)0x5588e60baff0
 reco_daughter_allTrack_momByRange_muon = (vector<double>*)0x5588e60bb4e0
 reco_beam_momByRange_proton = 0.904486
 reco_beam_momByRange_muon = 0.275624
 reco_daughter_allTrack_momByRange_alt_proton = (vector<double>*)0x5588e60a9200
 reco_daughter_allTrack_momByRange_alt_muon = (vector<double>*)0x5588e60a9880
 reco_beam_momByRange_alt_proton = 0.981937
 reco_beam_momByRange_alt_muon = 0.311773
 reco_beam_true_byE_endPx = -0.155095
 reco_beam_true_byE_endPy = -0.109099
 reco_beam_true_byE_endPz = 0.741707
 reco_beam_true_byE_endE = 0.778181
 reco_beam_true_byE_endP = 0.765562
 reco_beam_true_byE_startPx = -0.201493
 reco_beam_true_byE_startPy = -0.1936
 reco_beam_true_byE_startPz = 0.937694
 reco_beam_true_byE_startE = 0.988348
 reco_beam_true_byE_startP = 0.978443
 reco_beam_true_byHits_endPx = -0.155095
 reco_beam_true_byHits_endPy = -0.109099
 reco_beam_true_byHits_endPz = 0.741707
 reco_beam_true_byHits_endE = 0.778181
 reco_beam_true_byHits_endP = 0.765562
 reco_beam_true_byHits_startPx = -0.201493
 reco_beam_true_byHits_startPy = -0.1936
 reco_beam_true_byHits_startPz = 0.937694
 reco_beam_true_byHits_startE = 0.988348
 reco_beam_true_byHits_startP = 0.978443
 reco_beam_incidentEnergies = (vector<double>*)0x5588e6ab7a30
 reco_beam_interactingEnergy = 688.037
 true_beam_incidentEnergies = (vector<double>*)0x5588e6ad7bc0
 true_beam_interactingEnergy = 611.067
 true_beam_slices = (vector<int>*)0x5588e6af7d50
 true_beam_slices_found = (vector<int>*)0x5588e6b07da0
 true_beam_slices_nIDEs = (vector<int>*)0x5588e6b17d40
 true_beam_slices_deltaE = (vector<double>*)0x5588e6b27ce0
 em_energy       = 0
 true_beam_traj_X = (vector<double>*)0x5588e6b47d60
 true_beam_traj_Y = (vector<double>*)0x5588e6b5da00
 true_beam_traj_Z = (vector<double>*)0x5588e6b736a0
 true_beam_traj_KE = (vector<double>*)0x5588e6b89340
 g4rw_primary_weights = (vector<double>*)0x5588e6b9efe0
 g4rw_primary_plus_sigma_weight = (vector<double>*)0x5588e6baf030
 g4rw_primary_minus_sigma_weight = (vector<double>*)0x5588e6bbefd0
 g4rw_primary_var = (vector<string>*)0x5588e6bcef70
 g4rw_alt_primary_plus_sigma_weight = (vector<double>*)0x5588e6bdef10
 g4rw_alt_primary_minus_sigma_weight = (vector<double>*)0x5588e6beeed0
[0mroot [6] .>
[0m